{"/Users/jaume/Documents/projects/rappswapi/src/common/components/categories/category-items.js": {"path":"/Users/jaume/Documents/projects/rappswapi/src/common/components/categories/category-items.js","statementMap":{"0":{"start":{"line":6,"column":18},"end":{"line":12,"column":1}},"1":{"start":{"line":22,"column":29},"end":{"line":46,"column":1}},"2":{"start":{"line":23,"column":20},"end":{"line":23,"column":47}},"3":{"start":{"line":25,"column":2},"end":{"line":45,"column":3}},"4":{"start":{"line":28,"column":40},"end":{"line":28,"column":44}},"5":{"start":{"line":29,"column":27},"end":{"line":29,"column":54}},"6":{"start":{"line":30,"column":8},"end":{"line":42,"column":9}},"7":{"start":{"line":48,"column":0},"end":{"line":48,"column":35}}},"fnMap":{"0":{"name":"(anonymous_0)","decl":{"start":{"line":22,"column":29},"end":{"line":22,"column":30}},"loc":{"start":{"line":22,"column":51},"end":{"line":46,"column":1}},"line":22},"1":{"name":"(anonymous_1)","decl":{"start":{"line":27,"column":16},"end":{"line":27,"column":17}},"loc":{"start":{"line":27,"column":26},"end":{"line":43,"column":7}},"line":27}},"branchMap":{"0":{"loc":{"start":{"line":23,"column":20},"end":{"line":23,"column":47}},"type":"binary-expr","locations":[{"start":{"line":23,"column":20},"end":{"line":23,"column":31}},{"start":{"line":23,"column":35},"end":{"line":23,"column":47}}],"line":23}},"s":{"0":2,"1":2,"2":3,"3":3,"4":9,"5":9,"6":9,"7":2},"f":{"0":3,"1":9},"b":{"0":[3,1]},"_coverageSchema":"1a1c01bbd47fc00a2c39e90264f33305004495a9","hash":"07c36437a6f0954c0839b8da8a9bc82d9b11078f"}
,"/Users/jaume/Documents/projects/rappswapi/src/common/components/categories/category-list.js": {"path":"/Users/jaume/Documents/projects/rappswapi/src/common/components/categories/category-list.js","statementMap":{"0":{"start":{"line":5,"column":18},"end":{"line":8,"column":1}},"1":{"start":{"line":17,"column":28},"end":{"line":24,"column":1}},"2":{"start":{"line":18,"column":2},"end":{"line":23,"column":4}},"3":{"start":{"line":26,"column":0},"end":{"line":26,"column":35}}},"fnMap":{"0":{"name":"(anonymous_0)","decl":{"start":{"line":17,"column":28},"end":{"line":17,"column":29}},"loc":{"start":{"line":17,"column":53},"end":{"line":24,"column":1}},"line":17}},"branchMap":{},"s":{"0":2,"1":2,"2":1,"3":2},"f":{"0":1},"b":{},"_coverageSchema":"1a1c01bbd47fc00a2c39e90264f33305004495a9","hash":"0655595f66cf4e1fb12e180ccc8cf72a992cbe36"}
,"/Users/jaume/Documents/projects/rappswapi/src/common/components/categories/category-section-empty.js": {"path":"/Users/jaume/Documents/projects/rappswapi/src/common/components/categories/category-section-empty.js","statementMap":{"0":{"start":{"line":11,"column":36},"end":{"line":18,"column":1}},"1":{"start":{"line":12,"column":2},"end":{"line":17,"column":4}}},"fnMap":{"0":{"name":"(anonymous_0)","decl":{"start":{"line":11,"column":36},"end":{"line":11,"column":37}},"loc":{"start":{"line":11,"column":42},"end":{"line":18,"column":1}},"line":11}},"branchMap":{},"s":{"0":1,"1":1},"f":{"0":1},"b":{},"_coverageSchema":"1a1c01bbd47fc00a2c39e90264f33305004495a9","hash":"9fc6628e3fa229092c63af8f558cfeaddb9a4c64"}
,"/Users/jaume/Documents/projects/rappswapi/src/common/components/categories/category-section.js": {"path":"/Users/jaume/Documents/projects/rappswapi/src/common/components/categories/category-section.js","statementMap":{"0":{"start":{"line":15,"column":18},"end":{"line":19,"column":1}},"1":{"start":{"line":31,"column":4},"end":{"line":31,"column":16}},"2":{"start":{"line":32,"column":4},"end":{"line":39,"column":5}},"3":{"start":{"line":40,"column":4},"end":{"line":40,"column":52}},"4":{"start":{"line":41,"column":4},"end":{"line":41,"column":48}},"5":{"start":{"line":42,"column":4},"end":{"line":42,"column":44}},"6":{"start":{"line":43,"column":4},"end":{"line":43,"column":54}},"7":{"start":{"line":44,"column":4},"end":{"line":44,"column":48}},"8":{"start":{"line":45,"column":4},"end":{"line":45,"column":58}},"9":{"start":{"line":49,"column":19},"end":{"line":49,"column":34}},"10":{"start":{"line":50,"column":22},"end":{"line":50,"column":39}},"11":{"start":{"line":51,"column":4},"end":{"line":55,"column":6}},"12":{"start":{"line":59,"column":19},"end":{"line":59,"column":33}},"13":{"start":{"line":60,"column":22},"end":{"line":60,"column":39}},"14":{"start":{"line":61,"column":4},"end":{"line":68,"column":5}},"15":{"start":{"line":62,"column":6},"end":{"line":67,"column":8}},"16":{"start":{"line":72,"column":37},"end":{"line":72,"column":47}},"17":{"start":{"line":73,"column":42},"end":{"line":73,"column":52}},"18":{"start":{"line":74,"column":4},"end":{"line":94,"column":5}},"19":{"start":{"line":98,"column":23},"end":{"line":98,"column":33}},"20":{"start":{"line":99,"column":4},"end":{"line":101,"column":36}},"21":{"start":{"line":105,"column":4},"end":{"line":105,"column":42}},"22":{"start":{"line":109,"column":25},"end":{"line":109,"column":54}},"23":{"start":{"line":110,"column":25},"end":{"line":110,"column":64}},"24":{"start":{"line":111,"column":4},"end":{"line":113,"column":6}},"25":{"start":{"line":117,"column":21},"end":{"line":117,"column":31}},"26":{"start":{"line":118,"column":4},"end":{"line":118,"column":31}},"27":{"start":{"line":122,"column":21},"end":{"line":122,"column":31}},"28":{"start":{"line":123,"column":4},"end":{"line":125,"column":28}},"29":{"start":{"line":129,"column":4},"end":{"line":129,"column":40}},"30":{"start":{"line":133,"column":21},"end":{"line":133,"column":44}},"31":{"start":{"line":134,"column":4},"end":{"line":136,"column":18}},"32":{"start":{"line":137,"column":4},"end":{"line":140,"column":6}},"33":{"start":{"line":144,"column":4},"end":{"line":147,"column":6}},"34":{"start":{"line":151,"column":4},"end":{"line":154,"column":5}},"35":{"start":{"line":158,"column":29},"end":{"line":158,"column":39}},"36":{"start":{"line":159,"column":21},"end":{"line":159,"column":31}},"37":{"start":{"line":160,"column":4},"end":{"line":160,"column":52}},"38":{"start":{"line":164,"column":0},"end":{"line":164,"column":37}}},"fnMap":{"0":{"name":"(anonymous_0)","decl":{"start":{"line":30,"column":2},"end":{"line":30,"column":3}},"loc":{"start":{"line":30,"column":21},"end":{"line":46,"column":3}},"line":30},"1":{"name":"(anonymous_1)","decl":{"start":{"line":48,"column":2},"end":{"line":48,"column":3}},"loc":{"start":{"line":48,"column":22},"end":{"line":56,"column":3}},"line":48},"2":{"name":"(anonymous_2)","decl":{"start":{"line":58,"column":2},"end":{"line":58,"column":3}},"loc":{"start":{"line":58,"column":32},"end":{"line":69,"column":3}},"line":58},"3":{"name":"(anonymous_3)","decl":{"start":{"line":71,"column":2},"end":{"line":71,"column":3}},"loc":{"start":{"line":71,"column":11},"end":{"line":95,"column":3}},"line":71},"4":{"name":"(anonymous_4)","decl":{"start":{"line":97,"column":2},"end":{"line":97,"column":3}},"loc":{"start":{"line":97,"column":23},"end":{"line":102,"column":3}},"line":97},"5":{"name":"(anonymous_5)","decl":{"start":{"line":104,"column":2},"end":{"line":104,"column":3}},"loc":{"start":{"line":104,"column":24},"end":{"line":106,"column":3}},"line":104},"6":{"name":"(anonymous_6)","decl":{"start":{"line":108,"column":2},"end":{"line":108,"column":3}},"loc":{"start":{"line":108,"column":21},"end":{"line":114,"column":3}},"line":108},"7":{"name":"(anonymous_7)","decl":{"start":{"line":116,"column":2},"end":{"line":116,"column":3}},"loc":{"start":{"line":116,"column":26},"end":{"line":119,"column":3}},"line":116},"8":{"name":"(anonymous_8)","decl":{"start":{"line":121,"column":2},"end":{"line":121,"column":3}},"loc":{"start":{"line":121,"column":21},"end":{"line":126,"column":3}},"line":121},"9":{"name":"(anonymous_9)","decl":{"start":{"line":128,"column":2},"end":{"line":128,"column":3}},"loc":{"start":{"line":128,"column":24},"end":{"line":130,"column":3}},"line":128},"10":{"name":"(anonymous_10)","decl":{"start":{"line":132,"column":2},"end":{"line":132,"column":3}},"loc":{"start":{"line":132,"column":25},"end":{"line":141,"column":3}},"line":132},"11":{"name":"(anonymous_11)","decl":{"start":{"line":143,"column":2},"end":{"line":143,"column":3}},"loc":{"start":{"line":143,"column":18},"end":{"line":148,"column":3}},"line":143},"12":{"name":"(anonymous_12)","decl":{"start":{"line":150,"column":2},"end":{"line":150,"column":3}},"loc":{"start":{"line":150,"column":27},"end":{"line":155,"column":3}},"line":150},"13":{"name":"(anonymous_13)","decl":{"start":{"line":157,"column":2},"end":{"line":157,"column":3}},"loc":{"start":{"line":157,"column":27},"end":{"line":161,"column":3}},"line":157}},"branchMap":{"0":{"loc":{"start":{"line":61,"column":4},"end":{"line":68,"column":5}},"type":"if","locations":[{"start":{"line":61,"column":4},"end":{"line":68,"column":5}},{"start":{"line":61,"column":4},"end":{"line":68,"column":5}}],"line":61},"1":{"loc":{"start":{"line":76,"column":9},"end":{"line":92,"column":9}},"type":"cond-expr","locations":[{"start":{"line":77,"column":10},"end":{"line":77,"column":20}},{"start":{"line":79,"column":10},"end":{"line":91,"column":25}}],"line":76},"2":{"loc":{"start":{"line":99,"column":4},"end":{"line":101,"column":36}},"type":"cond-expr","locations":[{"start":{"line":100,"column":8},"end":{"line":100,"column":31}},{"start":{"line":101,"column":8},"end":{"line":101,"column":36}}],"line":99},"3":{"loc":{"start":{"line":123,"column":4},"end":{"line":125,"column":28}},"type":"cond-expr","locations":[{"start":{"line":124,"column":8},"end":{"line":124,"column":35}},{"start":{"line":125,"column":8},"end":{"line":125,"column":28}}],"line":123},"4":{"loc":{"start":{"line":134,"column":17},"end":{"line":136,"column":18}},"type":"cond-expr","locations":[{"start":{"line":135,"column":8},"end":{"line":135,"column":28}},{"start":{"line":136,"column":8},"end":{"line":136,"column":18}}],"line":134},"5":{"loc":{"start":{"line":152,"column":6},"end":{"line":153,"column":62}},"type":"binary-expr","locations":[{"start":{"line":152,"column":6},"end":{"line":152,"column":55}},{"start":{"line":153,"column":6},"end":{"line":153,"column":62}}],"line":152},"6":{"loc":{"start":{"line":160,"column":11},"end":{"line":160,"column":52}},"type":"cond-expr","locations":[{"start":{"line":160,"column":33},"end":{"line":160,"column":45}},{"start":{"line":160,"column":48},"end":{"line":160,"column":52}}],"line":160}},"s":{"0":1,"1":14,"2":14,"3":14,"4":14,"5":14,"6":14,"7":14,"8":14,"9":14,"10":14,"11":14,"12":18,"13":18,"14":18,"15":2,"16":30,"17":30,"18":30,"19":2,"20":2,"21":2,"22":1,"23":1,"24":1,"25":1,"26":1,"27":2,"28":2,"29":2,"30":1,"31":1,"32":1,"33":1,"34":3,"35":28,"36":28,"37":28,"38":1},"f":{"0":14,"1":14,"2":18,"3":30,"4":2,"5":2,"6":1,"7":1,"8":2,"9":2,"10":1,"11":1,"12":3,"13":28},"b":{"0":[2,16],"1":[2,28],"2":[1,1],"3":[1,1],"4":[0,1],"5":[3,2],"6":[0,28]},"_coverageSchema":"1a1c01bbd47fc00a2c39e90264f33305004495a9","hash":"65ffa85a2550b890c145329ecef73c19dc8d71e9"}
,"/Users/jaume/Documents/projects/rappswapi/src/common/components/error-modal/error-modal.js": {"path":"/Users/jaume/Documents/projects/rappswapi/src/common/components/error-modal/error-modal.js","statementMap":{"0":{"start":{"line":11,"column":26},"end":{"line":21,"column":1}},"1":{"start":{"line":12,"column":2},"end":{"line":20,"column":4}}},"fnMap":{"0":{"name":"(anonymous_0)","decl":{"start":{"line":11,"column":26},"end":{"line":11,"column":27}},"loc":{"start":{"line":11,"column":32},"end":{"line":21,"column":1}},"line":11}},"branchMap":{},"s":{"0":1,"1":1},"f":{"0":1},"b":{},"_coverageSchema":"1a1c01bbd47fc00a2c39e90264f33305004495a9","hash":"c5b1c292f5ec72c6b96995f3387552ff4e0f5d41"}
,"/Users/jaume/Documents/projects/rappswapi/src/common/components/filter-bar/filter-bar.js": {"path":"/Users/jaume/Documents/projects/rappswapi/src/common/components/filter-bar/filter-bar.js","statementMap":{"0":{"start":{"line":6,"column":18},"end":{"line":10,"column":1}},"1":{"start":{"line":20,"column":25},"end":{"line":81,"column":1}},"2":{"start":{"line":21,"column":38},"end":{"line":21,"column":68}},"3":{"start":{"line":22,"column":56},"end":{"line":24,"column":3}},"4":{"start":{"line":25,"column":50},"end":{"line":25,"column":65}},"5":{"start":{"line":26,"column":21},"end":{"line":26,"column":48}},"6":{"start":{"line":28,"column":29},"end":{"line":34,"column":3}},"7":{"start":{"line":30,"column":6},"end":{"line":32,"column":28}},"8":{"start":{"line":33,"column":4},"end":{"line":33,"column":27}},"9":{"start":{"line":36,"column":26},"end":{"line":39,"column":3}},"10":{"start":{"line":37,"column":4},"end":{"line":37,"column":40}},"11":{"start":{"line":38,"column":4},"end":{"line":38,"column":40}},"12":{"start":{"line":41,"column":28},"end":{"line":43,"column":3}},"13":{"start":{"line":42,"column":4},"end":{"line":42,"column":38}},"14":{"start":{"line":45,"column":2},"end":{"line":54,"column":19}},"15":{"start":{"line":46,"column":20},"end":{"line":49,"column":11}},"16":{"start":{"line":47,"column":6},"end":{"line":47,"column":53}},"17":{"start":{"line":48,"column":6},"end":{"line":48,"column":41}},"18":{"start":{"line":51,"column":4},"end":{"line":53,"column":6}},"19":{"start":{"line":52,"column":6},"end":{"line":52,"column":28}},"20":{"start":{"line":56,"column":2},"end":{"line":58,"column":28}},"21":{"start":{"line":57,"column":4},"end":{"line":57,"column":59}},"22":{"start":{"line":60,"column":2},"end":{"line":80,"column":4}},"23":{"start":{"line":83,"column":0},"end":{"line":83,"column":32}}},"fnMap":{"0":{"name":"(anonymous_0)","decl":{"start":{"line":20,"column":25},"end":{"line":20,"column":26}},"loc":{"start":{"line":20,"column":72},"end":{"line":81,"column":1}},"line":20},"1":{"name":"(anonymous_1)","decl":{"start":{"line":28,"column":29},"end":{"line":28,"column":30}},"loc":{"start":{"line":28,"column":40},"end":{"line":34,"column":3}},"line":28},"2":{"name":"(anonymous_2)","decl":{"start":{"line":36,"column":26},"end":{"line":36,"column":27}},"loc":{"start":{"line":36,"column":32},"end":{"line":39,"column":3}},"line":36},"3":{"name":"(anonymous_3)","decl":{"start":{"line":41,"column":28},"end":{"line":41,"column":29}},"loc":{"start":{"line":41,"column":39},"end":{"line":43,"column":3}},"line":41},"4":{"name":"(anonymous_4)","decl":{"start":{"line":45,"column":12},"end":{"line":45,"column":13}},"loc":{"start":{"line":45,"column":18},"end":{"line":54,"column":3}},"line":45},"5":{"name":"(anonymous_5)","decl":{"start":{"line":46,"column":31},"end":{"line":46,"column":32}},"loc":{"start":{"line":46,"column":37},"end":{"line":49,"column":5}},"line":46},"6":{"name":"(anonymous_6)","decl":{"start":{"line":51,"column":11},"end":{"line":51,"column":12}},"loc":{"start":{"line":51,"column":17},"end":{"line":53,"column":5}},"line":51},"7":{"name":"(anonymous_7)","decl":{"start":{"line":56,"column":12},"end":{"line":56,"column":13}},"loc":{"start":{"line":56,"column":18},"end":{"line":58,"column":3}},"line":56}},"branchMap":{"0":{"loc":{"start":{"line":26,"column":21},"end":{"line":26,"column":48}},"type":"binary-expr","locations":[{"start":{"line":26,"column":21},"end":{"line":26,"column":32}},{"start":{"line":26,"column":36},"end":{"line":26,"column":48}}],"line":26},"1":{"loc":{"start":{"line":30,"column":6},"end":{"line":32,"column":28}},"type":"cond-expr","locations":[{"start":{"line":31,"column":10},"end":{"line":31,"column":28}},{"start":{"line":32,"column":10},"end":{"line":32,"column":28}}],"line":30},"2":{"loc":{"start":{"line":47,"column":6},"end":{"line":47,"column":52}},"type":"binary-expr","locations":[{"start":{"line":47,"column":6},"end":{"line":47,"column":23}},{"start":{"line":47,"column":27},"end":{"line":47,"column":52}}],"line":47},"3":{"loc":{"start":{"line":57,"column":4},"end":{"line":57,"column":58}},"type":"binary-expr","locations":[{"start":{"line":57,"column":4},"end":{"line":57,"column":20}},{"start":{"line":57,"column":24},"end":{"line":57,"column":58}}],"line":57}},"s":{"0":2,"1":2,"2":4,"3":4,"4":4,"5":4,"6":4,"7":1,"8":1,"9":4,"10":1,"11":1,"12":4,"13":0,"14":4,"15":0,"16":0,"17":0,"18":0,"19":0,"20":4,"21":0,"22":4,"23":2},"f":{"0":4,"1":1,"2":1,"3":0,"4":0,"5":0,"6":0,"7":0},"b":{"0":[4,0],"1":[1,0],"2":[0,0],"3":[0,0]},"_coverageSchema":"1a1c01bbd47fc00a2c39e90264f33305004495a9","hash":"9047f3194c4b35466e5be6ab10916d6830d4b9a8"}
,"/Users/jaume/Documents/projects/rappswapi/src/common/components/header/main-header.js": {"path":"/Users/jaume/Documents/projects/rappswapi/src/common/components/header/main-header.js","statementMap":{"0":{"start":{"line":7,"column":18},"end":{"line":12,"column":1}},"1":{"start":{"line":21,"column":19},"end":{"line":35,"column":1}},"2":{"start":{"line":23,"column":4},"end":{"line":23,"column":74}},"3":{"start":{"line":24,"column":21},"end":{"line":24,"column":45}},"4":{"start":{"line":25,"column":24},"end":{"line":25,"column":50}},"5":{"start":{"line":26,"column":2},"end":{"line":34,"column":4}},"6":{"start":{"line":37,"column":25},"end":{"line":54,"column":1}},"7":{"start":{"line":38,"column":2},"end":{"line":53,"column":4}},"8":{"start":{"line":56,"column":29},"end":{"line":56,"column":51}},"9":{"start":{"line":59,"column":0},"end":{"line":59,"column":33}}},"fnMap":{"0":{"name":"(anonymous_0)","decl":{"start":{"line":21,"column":19},"end":{"line":21,"column":20}},"loc":{"start":{"line":21,"column":45},"end":{"line":35,"column":1}},"line":21},"1":{"name":"(anonymous_1)","decl":{"start":{"line":37,"column":25},"end":{"line":37,"column":26}},"loc":{"start":{"line":37,"column":39},"end":{"line":54,"column":1}},"line":37}},"branchMap":{"0":{"loc":{"start":{"line":23,"column":4},"end":{"line":23,"column":74}},"type":"binary-expr","locations":[{"start":{"line":23,"column":5},"end":{"line":23,"column":11}},{"start":{"line":23,"column":15},"end":{"line":23,"column":30}},{"start":{"line":23,"column":34},"end":{"line":23,"column":58}},{"start":{"line":23,"column":63},"end":{"line":23,"column":74}}],"line":23},"1":{"loc":{"start":{"line":30,"column":7},"end":{"line":32,"column":7}},"type":"binary-expr","locations":[{"start":{"line":30,"column":7},"end":{"line":30,"column":18}},{"start":{"line":31,"column":8},"end":{"line":31,"column":73}}],"line":30},"2":{"loc":{"start":{"line":38,"column":9},"end":{"line":53,"column":3}},"type":"cond-expr","locations":[{"start":{"line":39,"column":4},"end":{"line":43,"column":10}},{"start":{"line":45,"column":4},"end":{"line":52,"column":10}}],"line":38}},"s":{"0":1,"1":1,"2":4,"3":4,"4":4,"5":4,"6":1,"7":4,"8":1,"9":1},"f":{"0":4,"1":4},"b":{"0":[4,4,3,1],"1":[4,1],"2":[0,4]},"_coverageSchema":"1a1c01bbd47fc00a2c39e90264f33305004495a9","hash":"36578dc07834159b87df01254a969eda568ae2f7"}
,"/Users/jaume/Documents/projects/rappswapi/src/common/components/loader/loader.js": {"path":"/Users/jaume/Documents/projects/rappswapi/src/common/components/loader/loader.js","statementMap":{"0":{"start":{"line":10,"column":22},"end":{"line":19,"column":1}},"1":{"start":{"line":11,"column":2},"end":{"line":18,"column":4}}},"fnMap":{"0":{"name":"(anonymous_0)","decl":{"start":{"line":10,"column":22},"end":{"line":10,"column":23}},"loc":{"start":{"line":10,"column":28},"end":{"line":19,"column":1}},"line":10}},"branchMap":{},"s":{"0":2,"1":1},"f":{"0":1},"b":{},"_coverageSchema":"1a1c01bbd47fc00a2c39e90264f33305004495a9","hash":"e250e3523c5e3b67ad28f38eaa19c165db89a2e2"}
,"/Users/jaume/Documents/projects/rappswapi/src/common/components/search-category/select-bar-category.js": {"path":"/Users/jaume/Documents/projects/rappswapi/src/common/components/search-category/select-bar-category.js","statementMap":{"0":{"start":{"line":11,"column":33},"end":{"line":36,"column":1}},"1":{"start":{"line":12,"column":42},"end":{"line":12,"column":67}},"2":{"start":{"line":14,"column":25},"end":{"line":16,"column":3}},"3":{"start":{"line":15,"column":4},"end":{"line":15,"column":49}},"4":{"start":{"line":18,"column":2},"end":{"line":35,"column":4}},"5":{"start":{"line":22,"column":10},"end":{"line":31,"column":12}},"6":{"start":{"line":26,"column":31},"end":{"line":26,"column":51}}},"fnMap":{"0":{"name":"(anonymous_0)","decl":{"start":{"line":11,"column":33},"end":{"line":11,"column":34}},"loc":{"start":{"line":11,"column":39},"end":{"line":36,"column":1}},"line":11},"1":{"name":"(anonymous_1)","decl":{"start":{"line":14,"column":25},"end":{"line":14,"column":26}},"loc":{"start":{"line":14,"column":39},"end":{"line":16,"column":3}},"line":14},"2":{"name":"(anonymous_2)","decl":{"start":{"line":21,"column":39},"end":{"line":21,"column":40}},"loc":{"start":{"line":21,"column":49},"end":{"line":32,"column":9}},"line":21},"3":{"name":"(anonymous_3)","decl":{"start":{"line":26,"column":25},"end":{"line":26,"column":26}},"loc":{"start":{"line":26,"column":31},"end":{"line":26,"column":51}},"line":26}},"branchMap":{},"s":{"0":1,"1":2,"2":2,"3":1,"4":2,"5":12,"6":1},"f":{"0":2,"1":1,"2":12,"3":1},"b":{},"_coverageSchema":"1a1c01bbd47fc00a2c39e90264f33305004495a9","hash":"54f7f93c54782e677e877f41f80c50e2a1a3f06b"}
,"/Users/jaume/Documents/projects/rappswapi/src/common/constants/context.js": {"path":"/Users/jaume/Documents/projects/rappswapi/src/common/constants/context.js","statementMap":{"0":{"start":{"line":1,"column":38},"end":{"line":1,"column":40}}},"fnMap":{},"branchMap":{},"s":{"0":11},"f":{},"b":{},"_coverageSchema":"1a1c01bbd47fc00a2c39e90264f33305004495a9","hash":"a15215d0be09966747b4f483b6b3219a2d132bcc"}
,"/Users/jaume/Documents/projects/rappswapi/src/common/constants/data.js": {"path":"/Users/jaume/Documents/projects/rappswapi/src/common/constants/data.js","statementMap":{"0":{"start":{"line":1,"column":29},"end":{"line":4,"column":1}}},"fnMap":{},"branchMap":{},"s":{"0":11},"f":{},"b":{},"_coverageSchema":"1a1c01bbd47fc00a2c39e90264f33305004495a9","hash":"d6ea9c480c815c871b238571cfeb638bc311492f"}
,"/Users/jaume/Documents/projects/rappswapi/src/common/constants/index.js": {"path":"/Users/jaume/Documents/projects/rappswapi/src/common/constants/index.js","statementMap":{},"fnMap":{},"branchMap":{},"s":{},"f":{},"b":{},"_coverageSchema":"1a1c01bbd47fc00a2c39e90264f33305004495a9","hash":"6c3799e8307a41a6c6a2f7e34df73a5e131e2d73"}
,"/Users/jaume/Documents/projects/rappswapi/src/common/constants/routes.js": {"path":"/Users/jaume/Documents/projects/rappswapi/src/common/constants/routes.js","statementMap":{"0":{"start":{"line":1,"column":22},"end":{"line":5,"column":1}}},"fnMap":{},"branchMap":{},"s":{"0":11},"f":{},"b":{},"_coverageSchema":"1a1c01bbd47fc00a2c39e90264f33305004495a9","hash":"ee1e01d93db86c6c6d002ff6026e970dfa62841b"}
,"/Users/jaume/Documents/projects/rappswapi/src/common/constants/strings.js": {"path":"/Users/jaume/Documents/projects/rappswapi/src/common/constants/strings.js","statementMap":{"0":{"start":{"line":1,"column":30},"end":{"line":7,"column":1}},"1":{"start":{"line":8,"column":26},"end":{"line":15,"column":1}},"2":{"start":{"line":17,"column":37},"end":{"line":20,"column":1}},"3":{"start":{"line":22,"column":29},"end":{"line":29,"column":1}},"4":{"start":{"line":31,"column":25},"end":{"line":74,"column":1}},"5":{"start":{"line":76,"column":32},"end":{"line":118,"column":1}},"6":{"start":{"line":120,"column":24},"end":{"line":120,"column":52}}},"fnMap":{},"branchMap":{},"s":{"0":11,"1":11,"2":11,"3":11,"4":11,"5":11,"6":11},"f":{},"b":{},"_coverageSchema":"1a1c01bbd47fc00a2c39e90264f33305004495a9","hash":"10df516f62308519de1be887cdec00d3f3b3a199"}
,"/Users/jaume/Documents/projects/rappswapi/src/common/helpers/index.js": {"path":"/Users/jaume/Documents/projects/rappswapi/src/common/helpers/index.js","statementMap":{},"fnMap":{},"branchMap":{},"s":{},"f":{},"b":{},"_coverageSchema":"1a1c01bbd47fc00a2c39e90264f33305004495a9","hash":"dd301d3fae759fc6a94ca69a3b4428e13b6aa861"}
,"/Users/jaume/Documents/projects/rappswapi/src/common/helpers/filters/filter-array-by-name.js": {"path":"/Users/jaume/Documents/projects/rappswapi/src/common/helpers/filters/filter-array-by-name.js","statementMap":{"0":{"start":{"line":3,"column":33},"end":{"line":12,"column":1}},"1":{"start":{"line":4,"column":17},"end":{"line":4,"column":52}},"2":{"start":{"line":5,"column":18},"end":{"line":5,"column":60}},"3":{"start":{"line":6,"column":14},"end":{"line":6,"column":49}},"4":{"start":{"line":8,"column":4},"end":{"line":8,"column":61}},"5":{"start":{"line":9,"column":2},"end":{"line":11,"column":5}},"6":{"start":{"line":10,"column":4},"end":{"line":10,"column":66}}},"fnMap":{"0":{"name":"(anonymous_0)","decl":{"start":{"line":3,"column":33},"end":{"line":3,"column":34}},"loc":{"start":{"line":3,"column":51},"end":{"line":12,"column":1}},"line":3},"1":{"name":"(anonymous_1)","decl":{"start":{"line":9,"column":29},"end":{"line":9,"column":30}},"loc":{"start":{"line":9,"column":39},"end":{"line":11,"column":3}},"line":9}},"branchMap":{"0":{"loc":{"start":{"line":6,"column":14},"end":{"line":6,"column":49}},"type":"cond-expr","locations":[{"start":{"line":6,"column":37},"end":{"line":6,"column":41}},{"start":{"line":6,"column":44},"end":{"line":6,"column":49}}],"line":6},"1":{"loc":{"start":{"line":6,"column":14},"end":{"line":6,"column":34}},"type":"binary-expr","locations":[{"start":{"line":6,"column":14},"end":{"line":6,"column":18}},{"start":{"line":6,"column":22},"end":{"line":6,"column":34}}],"line":6},"2":{"loc":{"start":{"line":8,"column":4},"end":{"line":8,"column":61}},"type":"cond-expr","locations":[{"start":{"line":8,"column":36},"end":{"line":8,"column":40}},{"start":{"line":8,"column":43},"end":{"line":8,"column":61}}],"line":8},"3":{"loc":{"start":{"line":8,"column":4},"end":{"line":8,"column":33}},"type":"binary-expr","locations":[{"start":{"line":8,"column":4},"end":{"line":8,"column":23}},{"start":{"line":8,"column":27},"end":{"line":8,"column":33}}],"line":8}},"s":{"0":2,"1":4,"2":4,"3":4,"4":4,"5":4,"6":3},"f":{"0":4,"1":3},"b":{"0":[2,2],"1":[4,2],"2":[1,3],"3":[4,2]},"_coverageSchema":"1a1c01bbd47fc00a2c39e90264f33305004495a9","hash":"5d8c9d3adbfae14f79370dd221a7145e55aea6a2"}
,"/Users/jaume/Documents/projects/rappswapi/src/common/helpers/formatters/format-character-model.js": {"path":"/Users/jaume/Documents/projects/rappswapi/src/common/helpers/formatters/format-character-model.js","statementMap":{"0":{"start":{"line":1,"column":36},"end":{"line":4,"column":1}},"1":{"start":{"line":2,"column":19},"end":{"line":2,"column":28}},"2":{"start":{"line":3,"column":2},"end":{"line":3,"column":18}}},"fnMap":{"0":{"name":"(anonymous_0)","decl":{"start":{"line":1,"column":36},"end":{"line":1,"column":37}},"loc":{"start":{"line":1,"column":51},"end":{"line":4,"column":1}},"line":1}},"branchMap":{},"s":{"0":2,"1":1,"2":1},"f":{"0":1},"b":{},"_coverageSchema":"1a1c01bbd47fc00a2c39e90264f33305004495a9","hash":"b33ac893db329c25af0cbfb2bd9e260c7164eee0"}
,"/Users/jaume/Documents/projects/rappswapi/src/common/helpers/formatters/format-data-from-array.js": {"path":"/Users/jaume/Documents/projects/rappswapi/src/common/helpers/formatters/format-data-from-array.js","statementMap":{"0":{"start":{"line":3,"column":35},"end":{"line":26,"column":1}},"1":{"start":{"line":5,"column":4},"end":{"line":5,"column":78}},"2":{"start":{"line":6,"column":2},"end":{"line":25,"column":5}},"3":{"start":{"line":7,"column":25},"end":{"line":9,"column":25}},"4":{"start":{"line":10,"column":34},"end":{"line":13,"column":31}},"5":{"start":{"line":13,"column":24},"end":{"line":13,"column":30}},"6":{"start":{"line":14,"column":4},"end":{"line":24,"column":10}}},"fnMap":{"0":{"name":"(anonymous_0)","decl":{"start":{"line":3,"column":35},"end":{"line":3,"column":36}},"loc":{"start":{"line":3,"column":50},"end":{"line":26,"column":1}},"line":3},"1":{"name":"(anonymous_1)","decl":{"start":{"line":6,"column":18},"end":{"line":6,"column":19}},"loc":{"start":{"line":6,"column":28},"end":{"line":25,"column":3}},"line":6},"2":{"name":"(anonymous_2)","decl":{"start":{"line":13,"column":14},"end":{"line":13,"column":15}},"loc":{"start":{"line":13,"column":24},"end":{"line":13,"column":30}},"line":13}},"branchMap":{"0":{"loc":{"start":{"line":5,"column":4},"end":{"line":5,"column":78}},"type":"binary-expr","locations":[{"start":{"line":5,"column":5},"end":{"line":5,"column":14}},{"start":{"line":5,"column":18},"end":{"line":5,"column":35}},{"start":{"line":5,"column":40},"end":{"line":5,"column":56}},{"start":{"line":5,"column":60},"end":{"line":5,"column":78}}],"line":5},"1":{"loc":{"start":{"line":7,"column":25},"end":{"line":9,"column":25}},"type":"cond-expr","locations":[{"start":{"line":8,"column":8},"end":{"line":8,"column":36}},{"start":{"line":9,"column":8},"end":{"line":9,"column":25}}],"line":7},"2":{"loc":{"start":{"line":14,"column":11},"end":{"line":24,"column":9}},"type":"cond-expr","locations":[{"start":{"line":15,"column":8},"end":{"line":19,"column":9}},{"start":{"line":20,"column":8},"end":{"line":24,"column":9}}],"line":14},"3":{"loc":{"start":{"line":14,"column":11},"end":{"line":14,"column":34}},"type":"binary-expr","locations":[{"start":{"line":14,"column":11},"end":{"line":14,"column":15}},{"start":{"line":14,"column":19},"end":{"line":14,"column":34}}],"line":14}},"s":{"0":2,"1":4,"2":3,"3":6,"4":6,"5":18,"6":6},"f":{"0":4,"1":6,"2":18},"b":{"0":[4,3,1,0],"1":[0,6],"2":[0,6],"3":[6,6]},"_coverageSchema":"1a1c01bbd47fc00a2c39e90264f33305004495a9","hash":"dd4303140d6e4823da1395a77d2f1c7ee1362bb3"}
,"/Users/jaume/Documents/projects/rappswapi/src/common/helpers/formatters/format-film-model.js": {"path":"/Users/jaume/Documents/projects/rappswapi/src/common/helpers/formatters/format-film-model.js","statementMap":{"0":{"start":{"line":1,"column":31},"end":{"line":6,"column":1}},"1":{"start":{"line":2,"column":20},"end":{"line":2,"column":24}},"2":{"start":{"line":3,"column":2},"end":{"line":5,"column":4}}},"fnMap":{"0":{"name":"(anonymous_0)","decl":{"start":{"line":1,"column":31},"end":{"line":1,"column":32}},"loc":{"start":{"line":1,"column":41},"end":{"line":6,"column":1}},"line":1}},"branchMap":{},"s":{"0":2,"1":1,"2":1},"f":{"0":1},"b":{},"_coverageSchema":"1a1c01bbd47fc00a2c39e90264f33305004495a9","hash":"77f388c58ca184e91c352b784fc2fc4b29c61875"}
,"/Users/jaume/Documents/projects/rappswapi/src/common/helpers/sorters/sort-array.js": {"path":"/Users/jaume/Documents/projects/rappswapi/src/common/helpers/sorters/sort-array.js","statementMap":{"0":{"start":{"line":11,"column":25},"end":{"line":18,"column":1}},"1":{"start":{"line":12,"column":21},"end":{"line":12,"column":78}},"2":{"start":{"line":13,"column":2},"end":{"line":17,"column":5}},"3":{"start":{"line":14,"column":4},"end":{"line":14,"column":49}},"4":{"start":{"line":14,"column":39},"end":{"line":14,"column":49}},"5":{"start":{"line":15,"column":4},"end":{"line":15,"column":48}},"6":{"start":{"line":15,"column":39},"end":{"line":15,"column":48}},"7":{"start":{"line":16,"column":4},"end":{"line":16,"column":13}}},"fnMap":{"0":{"name":"(anonymous_0)","decl":{"start":{"line":11,"column":25},"end":{"line":11,"column":26}},"loc":{"start":{"line":11,"column":43},"end":{"line":18,"column":1}},"line":11},"1":{"name":"(anonymous_1)","decl":{"start":{"line":13,"column":30},"end":{"line":13,"column":31}},"loc":{"start":{"line":13,"column":48},"end":{"line":17,"column":3}},"line":13}},"branchMap":{"0":{"loc":{"start":{"line":12,"column":21},"end":{"line":12,"column":78}},"type":"cond-expr","locations":[{"start":{"line":12,"column":53},"end":{"line":12,"column":57}},{"start":{"line":12,"column":60},"end":{"line":12,"column":78}}],"line":12},"1":{"loc":{"start":{"line":12,"column":21},"end":{"line":12,"column":50}},"type":"binary-expr","locations":[{"start":{"line":12,"column":21},"end":{"line":12,"column":40}},{"start":{"line":12,"column":44},"end":{"line":12,"column":50}}],"line":12},"2":{"loc":{"start":{"line":14,"column":4},"end":{"line":14,"column":49}},"type":"if","locations":[{"start":{"line":14,"column":4},"end":{"line":14,"column":49}},{"start":{"line":14,"column":4},"end":{"line":14,"column":49}}],"line":14},"3":{"loc":{"start":{"line":15,"column":4},"end":{"line":15,"column":48}},"type":"if","locations":[{"start":{"line":15,"column":4},"end":{"line":15,"column":48}},{"start":{"line":15,"column":4},"end":{"line":15,"column":48}}],"line":15}},"s":{"0":2,"1":6,"2":6,"3":12,"4":8,"5":4,"6":3,"7":1},"f":{"0":6,"1":12},"b":{"0":[3,3],"1":[6,4],"2":[8,4],"3":[3,1]},"_coverageSchema":"1a1c01bbd47fc00a2c39e90264f33305004495a9","hash":"38515477d6ca016832778c05b3264fea9ce8ca90"}
,"/Users/jaume/Documents/projects/rappswapi/src/common/icons/darth-vader-icon.js": {"path":"/Users/jaume/Documents/projects/rappswapi/src/common/icons/darth-vader-icon.js","statementMap":{"0":{"start":{"line":4,"column":18},"end":{"line":6,"column":1}},"1":{"start":{"line":14,"column":30},"end":{"line":29,"column":1}},"2":{"start":{"line":15,"column":2},"end":{"line":28,"column":4}},"3":{"start":{"line":31,"column":0},"end":{"line":31,"column":37}}},"fnMap":{"0":{"name":"(anonymous_0)","decl":{"start":{"line":14,"column":30},"end":{"line":14,"column":31}},"loc":{"start":{"line":14,"column":41},"end":{"line":29,"column":1}},"line":14}},"branchMap":{},"s":{"0":5,"1":5,"2":1,"3":5},"f":{"0":1},"b":{},"_coverageSchema":"1a1c01bbd47fc00a2c39e90264f33305004495a9","hash":"e48ad7ea8b06323270c45db158e21c13a38facce"}
,"/Users/jaume/Documents/projects/rappswapi/src/common/icons/index.js": {"path":"/Users/jaume/Documents/projects/rappswapi/src/common/icons/index.js","statementMap":{},"fnMap":{},"branchMap":{},"s":{},"f":{},"b":{},"_coverageSchema":"1a1c01bbd47fc00a2c39e90264f33305004495a9","hash":"2815ff3fbd14c8a53983984b6992083ae308a87c"}
,"/Users/jaume/Documents/projects/rappswapi/src/common/icons/star-wars-icon.js": {"path":"/Users/jaume/Documents/projects/rappswapi/src/common/icons/star-wars-icon.js","statementMap":{"0":{"start":{"line":4,"column":18},"end":{"line":6,"column":1}},"1":{"start":{"line":14,"column":28},"end":{"line":28,"column":1}},"2":{"start":{"line":15,"column":2},"end":{"line":27,"column":4}},"3":{"start":{"line":30,"column":0},"end":{"line":30,"column":35}}},"fnMap":{"0":{"name":"(anonymous_0)","decl":{"start":{"line":14,"column":28},"end":{"line":14,"column":29}},"loc":{"start":{"line":14,"column":39},"end":{"line":28,"column":1}},"line":14}},"branchMap":{},"s":{"0":5,"1":5,"2":1,"3":5},"f":{"0":1},"b":{},"_coverageSchema":"1a1c01bbd47fc00a2c39e90264f33305004495a9","hash":"1daedc44db7eccef5790ca0ca20ba96f4d5893f8"}
,"/Users/jaume/Documents/projects/rappswapi/src/common/icons/yoda-full-icon.js": {"path":"/Users/jaume/Documents/projects/rappswapi/src/common/icons/yoda-full-icon.js","statementMap":{"0":{"start":{"line":4,"column":18},"end":{"line":6,"column":1}},"1":{"start":{"line":14,"column":28},"end":{"line":28,"column":1}},"2":{"start":{"line":15,"column":2},"end":{"line":27,"column":4}},"3":{"start":{"line":30,"column":0},"end":{"line":30,"column":35}}},"fnMap":{"0":{"name":"(anonymous_0)","decl":{"start":{"line":14,"column":28},"end":{"line":14,"column":29}},"loc":{"start":{"line":14,"column":39},"end":{"line":28,"column":1}},"line":14}},"branchMap":{},"s":{"0":5,"1":5,"2":1,"3":5},"f":{"0":1},"b":{},"_coverageSchema":"1a1c01bbd47fc00a2c39e90264f33305004495a9","hash":"cfbe4ee36a4fcacf85e58673636430eded114a97"}
,"/Users/jaume/Documents/projects/rappswapi/src/common/models/get-film-model.js": {"path":"/Users/jaume/Documents/projects/rappswapi/src/common/models/get-film-model.js","statementMap":{"0":{"start":{"line":1,"column":28},"end":{"line":12,"column":1}},"1":{"start":{"line":3,"column":4},"end":{"line":3,"column":26}},"2":{"start":{"line":5,"column":2},"end":{"line":11,"column":3}}},"fnMap":{"0":{"name":"(anonymous_0)","decl":{"start":{"line":1,"column":28},"end":{"line":1,"column":29}},"loc":{"start":{"line":1,"column":38},"end":{"line":12,"column":1}},"line":1}},"branchMap":{},"s":{"0":1,"1":1,"2":0},"f":{"0":1},"b":{},"_coverageSchema":"1a1c01bbd47fc00a2c39e90264f33305004495a9","hash":"30bd7b73e1d6c4fdfde12b48f252ab0de4bf5b82"}
,"/Users/jaume/Documents/projects/rappswapi/src/common/models/get-item-model.js": {"path":"/Users/jaume/Documents/projects/rappswapi/src/common/models/get-item-model.js","statementMap":{"0":{"start":{"line":11,"column":28},"end":{"line":36,"column":1}},"1":{"start":{"line":13,"column":2},"end":{"line":34,"column":3}},"2":{"start":{"line":15,"column":6},"end":{"line":15,"column":39}},"3":{"start":{"line":16,"column":6},"end":{"line":16,"column":12}},"4":{"start":{"line":18,"column":6},"end":{"line":18,"column":39}},"5":{"start":{"line":19,"column":6},"end":{"line":19,"column":12}},"6":{"start":{"line":21,"column":6},"end":{"line":21,"column":37}},"7":{"start":{"line":22,"column":6},"end":{"line":22,"column":12}},"8":{"start":{"line":24,"column":6},"end":{"line":24,"column":41}},"9":{"start":{"line":25,"column":6},"end":{"line":25,"column":12}},"10":{"start":{"line":27,"column":6},"end":{"line":27,"column":40}},"11":{"start":{"line":28,"column":6},"end":{"line":28,"column":12}},"12":{"start":{"line":30,"column":6},"end":{"line":30,"column":38}},"13":{"start":{"line":31,"column":6},"end":{"line":31,"column":12}},"14":{"start":{"line":33,"column":6},"end":{"line":33,"column":18}},"15":{"start":{"line":35,"column":2},"end":{"line":35,"column":19}}},"fnMap":{"0":{"name":"(anonymous_0)","decl":{"start":{"line":11,"column":28},"end":{"line":11,"column":29}},"loc":{"start":{"line":11,"column":48},"end":{"line":36,"column":1}},"line":11}},"branchMap":{"0":{"loc":{"start":{"line":13,"column":2},"end":{"line":34,"column":3}},"type":"switch","locations":[{"start":{"line":14,"column":4},"end":{"line":16,"column":12}},{"start":{"line":17,"column":4},"end":{"line":19,"column":12}},{"start":{"line":20,"column":4},"end":{"line":22,"column":12}},{"start":{"line":23,"column":4},"end":{"line":25,"column":12}},{"start":{"line":26,"column":4},"end":{"line":28,"column":12}},{"start":{"line":29,"column":4},"end":{"line":31,"column":12}},{"start":{"line":32,"column":4},"end":{"line":33,"column":18}}],"line":13}},"s":{"0":1,"1":6,"2":1,"3":0,"4":1,"5":0,"6":1,"7":0,"8":1,"9":0,"10":1,"11":0,"12":1,"13":0,"14":0,"15":0},"f":{"0":6},"b":{"0":[1,1,1,1,1,1,0]},"_coverageSchema":"1a1c01bbd47fc00a2c39e90264f33305004495a9","hash":"73ee90623d832550cef7e43055cd2d2dd719b3ee"}
,"/Users/jaume/Documents/projects/rappswapi/src/common/models/get-people-model.js": {"path":"/Users/jaume/Documents/projects/rappswapi/src/common/models/get-people-model.js","statementMap":{"0":{"start":{"line":1,"column":30},"end":{"line":23,"column":1}},"1":{"start":{"line":11,"column":6},"end":{"line":11,"column":30}},"2":{"start":{"line":13,"column":2},"end":{"line":22,"column":3}}},"fnMap":{"0":{"name":"(anonymous_0)","decl":{"start":{"line":1,"column":30},"end":{"line":1,"column":31}},"loc":{"start":{"line":1,"column":42},"end":{"line":23,"column":1}},"line":1}},"branchMap":{},"s":{"0":1,"1":1,"2":0},"f":{"0":1},"b":{},"_coverageSchema":"1a1c01bbd47fc00a2c39e90264f33305004495a9","hash":"58b428986e7b6c8122a06497e0c866d0b011ce9f"}
,"/Users/jaume/Documents/projects/rappswapi/src/common/models/get-planet-model.js": {"path":"/Users/jaume/Documents/projects/rappswapi/src/common/models/get-planet-model.js","statementMap":{"0":{"start":{"line":1,"column":30},"end":{"line":25,"column":1}},"1":{"start":{"line":12,"column":6},"end":{"line":12,"column":30}},"2":{"start":{"line":14,"column":2},"end":{"line":24,"column":3}}},"fnMap":{"0":{"name":"(anonymous_0)","decl":{"start":{"line":1,"column":30},"end":{"line":1,"column":31}},"loc":{"start":{"line":1,"column":42},"end":{"line":25,"column":1}},"line":1}},"branchMap":{},"s":{"0":1,"1":1,"2":0},"f":{"0":1},"b":{},"_coverageSchema":"1a1c01bbd47fc00a2c39e90264f33305004495a9","hash":"5ccc062dc28837b7d859f20f0934110ad4cc6843"}
,"/Users/jaume/Documents/projects/rappswapi/src/common/models/get-specy-model.js": {"path":"/Users/jaume/Documents/projects/rappswapi/src/common/models/get-specy-model.js","statementMap":{"0":{"start":{"line":1,"column":29},"end":{"line":25,"column":1}},"1":{"start":{"line":12,"column":6},"end":{"line":12,"column":29}},"2":{"start":{"line":14,"column":2},"end":{"line":24,"column":4}}},"fnMap":{"0":{"name":"(anonymous_0)","decl":{"start":{"line":1,"column":29},"end":{"line":1,"column":30}},"loc":{"start":{"line":1,"column":40},"end":{"line":25,"column":1}},"line":1}},"branchMap":{},"s":{"0":1,"1":1,"2":0},"f":{"0":1},"b":{},"_coverageSchema":"1a1c01bbd47fc00a2c39e90264f33305004495a9","hash":"29b3cb1932cbe67f91115759bd1c9e7d623ae712"}
,"/Users/jaume/Documents/projects/rappswapi/src/common/models/get-starship-model.js": {"path":"/Users/jaume/Documents/projects/rappswapi/src/common/models/get-starship-model.js","statementMap":{"0":{"start":{"line":1,"column":32},"end":{"line":27,"column":1}},"1":{"start":{"line":13,"column":6},"end":{"line":13,"column":32}},"2":{"start":{"line":15,"column":2},"end":{"line":26,"column":4}}},"fnMap":{"0":{"name":"(anonymous_0)","decl":{"start":{"line":1,"column":32},"end":{"line":1,"column":33}},"loc":{"start":{"line":1,"column":46},"end":{"line":27,"column":1}},"line":1}},"branchMap":{},"s":{"0":1,"1":1,"2":0},"f":{"0":1},"b":{},"_coverageSchema":"1a1c01bbd47fc00a2c39e90264f33305004495a9","hash":"369616743baad3c83e0ff0e4294b4c9b2782019f"}
,"/Users/jaume/Documents/projects/rappswapi/src/common/models/get-vehicle-model.js": {"path":"/Users/jaume/Documents/projects/rappswapi/src/common/models/get-vehicle-model.js","statementMap":{"0":{"start":{"line":1,"column":31},"end":{"line":25,"column":1}},"1":{"start":{"line":12,"column":6},"end":{"line":12,"column":31}},"2":{"start":{"line":14,"column":2},"end":{"line":24,"column":4}}},"fnMap":{"0":{"name":"(anonymous_0)","decl":{"start":{"line":1,"column":31},"end":{"line":1,"column":32}},"loc":{"start":{"line":1,"column":44},"end":{"line":25,"column":1}},"line":1}},"branchMap":{},"s":{"0":1,"1":1,"2":0},"f":{"0":1},"b":{},"_coverageSchema":"1a1c01bbd47fc00a2c39e90264f33305004495a9","hash":"7fa3f4266d902f48c8b1fc39de7b08c4ee0d11a6"}
,"/Users/jaume/Documents/projects/rappswapi/src/common/models/index.js": {"path":"/Users/jaume/Documents/projects/rappswapi/src/common/models/index.js","statementMap":{},"fnMap":{},"branchMap":{},"s":{},"f":{},"b":{},"_coverageSchema":"1a1c01bbd47fc00a2c39e90264f33305004495a9","hash":"b13ed5d99579b5c04164180efca15758824be6ed"}
,"/Users/jaume/Documents/projects/rappswapi/src/context/global-context.js": {"path":"/Users/jaume/Documents/projects/rappswapi/src/context/global-context.js","statementMap":{"0":{"start":{"line":9,"column":18},"end":{"line":11,"column":1}},"1":{"start":{"line":13,"column":30},"end":{"line":16,"column":1}},"2":{"start":{"line":18,"column":22},"end":{"line":18,"column":65}},"3":{"start":{"line":20,"column":37},"end":{"line":27,"column":1}},"4":{"start":{"line":21,"column":40},"end":{"line":21,"column":71}},"5":{"start":{"line":22,"column":2},"end":{"line":26,"column":3}},"6":{"start":{"line":29,"column":0},"end":{"line":29,"column":43}}},"fnMap":{"0":{"name":"(anonymous_0)","decl":{"start":{"line":20,"column":37},"end":{"line":20,"column":38}},"loc":{"start":{"line":20,"column":55},"end":{"line":27,"column":1}},"line":20}},"branchMap":{},"s":{"0":1,"1":1,"2":1,"3":1,"4":0,"5":0,"6":1},"f":{"0":0},"b":{},"_coverageSchema":"1a1c01bbd47fc00a2c39e90264f33305004495a9","hash":"a8bd327a561ba7babb3482d888ce044c2d89a5d1"}
,"/Users/jaume/Documents/projects/rappswapi/test/enzyme-adapter.js": {"path":"/Users/jaume/Documents/projects/rappswapi/test/enzyme-adapter.js","statementMap":{"0":{"start":{"line":9,"column":35},"end":{"line":11,"column":1}},"1":{"start":{"line":10,"column":2},"end":{"line":10,"column":54}}},"fnMap":{"0":{"name":"(anonymous_0)","decl":{"start":{"line":9,"column":35},"end":{"line":9,"column":36}},"loc":{"start":{"line":9,"column":41},"end":{"line":11,"column":1}},"line":9}},"branchMap":{},"s":{"0":12,"1":12},"f":{"0":12},"b":{},"_coverageSchema":"1a1c01bbd47fc00a2c39e90264f33305004495a9","hash":"55d43cff53cea376dbdd3f75bf9a5a6d93dab96e"}
}
