TN:
SF:src/common/components/categories/category-items.js
FN:22,(anonymous_0)
FN:27,(anonymous_1)
FNF:2
FNH:2
FNDA:3,(anonymous_0)
FNDA:9,(anonymous_1)
DA:6,2
DA:22,2
DA:23,3
DA:25,3
DA:28,9
DA:29,9
DA:30,9
DA:48,2
LF:8
LH:8
BRDA:23,0,0,3
BRDA:23,0,1,1
BRF:2
BRH:2
end_of_record
TN:
SF:src/common/components/categories/category-list.js
FN:17,(anonymous_0)
FNF:1
FNH:1
FNDA:1,(anonymous_0)
DA:5,2
DA:17,2
DA:18,1
DA:26,2
LF:4
LH:4
BRF:0
BRH:0
end_of_record
TN:
SF:src/common/components/categories/category-section-empty.js
FN:11,(anonymous_0)
FNF:1
FNH:1
FNDA:1,(anonymous_0)
DA:11,1
DA:12,1
LF:2
LH:2
BRF:0
BRH:0
end_of_record
TN:
SF:src/common/components/categories/category-section.js
FN:30,(anonymous_0)
FN:48,(anonymous_1)
FN:58,(anonymous_2)
FN:71,(anonymous_3)
FN:97,(anonymous_4)
FN:104,(anonymous_5)
FN:108,(anonymous_6)
FN:116,(anonymous_7)
FN:121,(anonymous_8)
FN:128,(anonymous_9)
FN:132,(anonymous_10)
FN:143,(anonymous_11)
FN:150,(anonymous_12)
FN:157,(anonymous_13)
FNF:14
FNH:14
FNDA:14,(anonymous_0)
FNDA:14,(anonymous_1)
FNDA:18,(anonymous_2)
FNDA:30,(anonymous_3)
FNDA:2,(anonymous_4)
FNDA:2,(anonymous_5)
FNDA:1,(anonymous_6)
FNDA:1,(anonymous_7)
FNDA:2,(anonymous_8)
FNDA:2,(anonymous_9)
FNDA:1,(anonymous_10)
FNDA:1,(anonymous_11)
FNDA:3,(anonymous_12)
FNDA:28,(anonymous_13)
DA:15,1
DA:31,14
DA:32,14
DA:40,14
DA:41,14
DA:42,14
DA:43,14
DA:44,14
DA:45,14
DA:49,14
DA:50,14
DA:51,14
DA:59,18
DA:60,18
DA:61,18
DA:62,2
DA:72,30
DA:73,30
DA:74,30
DA:98,2
DA:99,2
DA:105,2
DA:109,1
DA:110,1
DA:111,1
DA:117,1
DA:118,1
DA:122,2
DA:123,2
DA:129,2
DA:133,1
DA:134,1
DA:137,1
DA:144,1
DA:151,3
DA:158,28
DA:159,28
DA:160,28
DA:164,1
LF:39
LH:39
BRDA:61,0,0,2
BRDA:61,0,1,16
BRDA:76,1,0,2
BRDA:76,1,1,28
BRDA:99,2,0,1
BRDA:99,2,1,1
BRDA:123,3,0,1
BRDA:123,3,1,1
BRDA:134,4,0,0
BRDA:134,4,1,1
BRDA:152,5,0,3
BRDA:152,5,1,2
BRDA:160,6,0,0
BRDA:160,6,1,28
BRF:14
BRH:12
end_of_record
TN:
SF:src/common/components/error-modal/error-modal.js
FN:11,(anonymous_0)
FNF:1
FNH:1
FNDA:1,(anonymous_0)
DA:11,1
DA:12,1
LF:2
LH:2
BRF:0
BRH:0
end_of_record
TN:
SF:src/common/components/filter-bar/filter-bar.js
FN:20,(anonymous_0)
FN:28,(anonymous_1)
FN:36,(anonymous_2)
FN:41,(anonymous_3)
FN:45,(anonymous_4)
FN:46,(anonymous_5)
FN:51,(anonymous_6)
FN:56,(anonymous_7)
FNF:8
FNH:3
FNDA:4,(anonymous_0)
FNDA:1,(anonymous_1)
FNDA:1,(anonymous_2)
FNDA:0,(anonymous_3)
FNDA:0,(anonymous_4)
FNDA:0,(anonymous_5)
FNDA:0,(anonymous_6)
FNDA:0,(anonymous_7)
DA:6,2
DA:20,2
DA:21,4
DA:22,4
DA:25,4
DA:26,4
DA:28,4
DA:30,1
DA:33,1
DA:36,4
DA:37,1
DA:38,1
DA:41,4
DA:42,0
DA:45,4
DA:46,0
DA:47,0
DA:48,0
DA:51,0
DA:52,0
DA:56,4
DA:57,0
DA:60,4
DA:83,2
LF:24
LH:17
BRDA:26,0,0,4
BRDA:26,0,1,0
BRDA:30,1,0,1
BRDA:30,1,1,0
BRDA:47,2,0,0
BRDA:47,2,1,0
BRDA:57,3,0,0
BRDA:57,3,1,0
BRF:8
BRH:2
end_of_record
TN:
SF:src/common/components/header/main-header.js
FN:21,(anonymous_0)
FN:37,(anonymous_1)
FNF:2
FNH:2
FNDA:4,(anonymous_0)
FNDA:4,(anonymous_1)
DA:7,1
DA:21,1
DA:23,4
DA:24,4
DA:25,4
DA:26,4
DA:37,1
DA:38,4
DA:56,1
DA:59,1
LF:10
LH:10
BRDA:23,0,0,4
BRDA:23,0,1,4
BRDA:23,0,2,3
BRDA:23,0,3,1
BRDA:30,1,0,4
BRDA:30,1,1,1
BRDA:38,2,0,0
BRDA:38,2,1,4
BRF:8
BRH:7
end_of_record
TN:
SF:src/common/components/loader/loader.js
FN:10,(anonymous_0)
FNF:1
FNH:1
FNDA:1,(anonymous_0)
DA:10,2
DA:11,1
LF:2
LH:2
BRF:0
BRH:0
end_of_record
TN:
SF:src/common/components/search-category/select-bar-category.js
FN:11,(anonymous_0)
FN:14,(anonymous_1)
FN:21,(anonymous_2)
FN:26,(anonymous_3)
FNF:4
FNH:4
FNDA:2,(anonymous_0)
FNDA:1,(anonymous_1)
FNDA:12,(anonymous_2)
FNDA:1,(anonymous_3)
DA:11,1
DA:12,2
DA:14,2
DA:15,1
DA:18,2
DA:22,12
DA:26,1
LF:7
LH:7
BRF:0
BRH:0
end_of_record
TN:
SF:src/common/constants/context.js
FNF:0
FNH:0
DA:1,11
LF:1
LH:1
BRF:0
BRH:0
end_of_record
TN:
SF:src/common/constants/data.js
FNF:0
FNH:0
DA:1,11
LF:1
LH:1
BRF:0
BRH:0
end_of_record
TN:
SF:src/common/constants/index.js
FNF:0
FNH:0
LF:0
LH:0
BRF:0
BRH:0
end_of_record
TN:
SF:src/common/constants/routes.js
FNF:0
FNH:0
DA:1,11
LF:1
LH:1
BRF:0
BRH:0
end_of_record
TN:
SF:src/common/constants/strings.js
FNF:0
FNH:0
DA:1,11
DA:8,11
DA:17,11
DA:22,11
DA:31,11
DA:76,11
DA:120,11
LF:7
LH:7
BRF:0
BRH:0
end_of_record
TN:
SF:src/common/helpers/index.js
FNF:0
FNH:0
LF:0
LH:0
BRF:0
BRH:0
end_of_record
TN:
SF:src/common/helpers/filters/filter-array-by-name.js
FN:3,(anonymous_0)
FN:9,(anonymous_1)
FNF:2
FNH:2
FNDA:4,(anonymous_0)
FNDA:3,(anonymous_1)
DA:3,2
DA:4,4
DA:5,4
DA:6,4
DA:8,4
DA:9,4
DA:10,3
LF:7
LH:7
BRDA:6,0,0,2
BRDA:6,0,1,2
BRDA:6,1,0,4
BRDA:6,1,1,2
BRDA:8,2,0,1
BRDA:8,2,1,3
BRDA:8,3,0,4
BRDA:8,3,1,2
BRF:8
BRH:8
end_of_record
TN:
SF:src/common/helpers/formatters/format-character-model.js
FN:1,(anonymous_0)
FNF:1
FNH:1
FNDA:1,(anonymous_0)
DA:1,2
DA:2,1
DA:3,1
LF:3
LH:3
BRF:0
BRH:0
end_of_record
TN:
SF:src/common/helpers/formatters/format-data-from-array.js
FN:3,(anonymous_0)
FN:6,(anonymous_1)
FN:13,(anonymous_2)
FNF:3
FNH:3
FNDA:4,(anonymous_0)
FNDA:6,(anonymous_1)
FNDA:18,(anonymous_2)
DA:3,2
DA:5,4
DA:6,3
DA:7,6
DA:10,6
DA:13,18
DA:14,6
LF:7
LH:7
BRDA:5,0,0,4
BRDA:5,0,1,3
BRDA:5,0,2,1
BRDA:5,0,3,0
BRDA:7,1,0,0
BRDA:7,1,1,6
BRDA:14,2,0,0
BRDA:14,2,1,6
BRDA:14,3,0,6
BRDA:14,3,1,6
BRF:10
BRH:7
end_of_record
TN:
SF:src/common/helpers/formatters/format-film-model.js
FN:1,(anonymous_0)
FNF:1
FNH:1
FNDA:1,(anonymous_0)
DA:1,2
DA:2,1
DA:3,1
LF:3
LH:3
BRF:0
BRH:0
end_of_record
TN:
SF:src/common/helpers/sorters/sort-array.js
FN:11,(anonymous_0)
FN:13,(anonymous_1)
FNF:2
FNH:2
FNDA:6,(anonymous_0)
FNDA:12,(anonymous_1)
DA:11,2
DA:12,6
DA:13,6
DA:14,12
DA:15,4
DA:16,1
LF:6
LH:6
BRDA:12,0,0,3
BRDA:12,0,1,3
BRDA:12,1,0,6
BRDA:12,1,1,4
BRDA:14,2,0,8
BRDA:14,2,1,4
BRDA:15,3,0,3
BRDA:15,3,1,1
BRF:8
BRH:8
end_of_record
TN:
SF:src/common/icons/darth-vader-icon.js
FN:14,(anonymous_0)
FNF:1
FNH:1
FNDA:1,(anonymous_0)
DA:4,5
DA:14,5
DA:15,1
DA:31,5
LF:4
LH:4
BRF:0
BRH:0
end_of_record
TN:
SF:src/common/icons/index.js
FNF:0
FNH:0
LF:0
LH:0
BRF:0
BRH:0
end_of_record
TN:
SF:src/common/icons/star-wars-icon.js
FN:14,(anonymous_0)
FNF:1
FNH:1
FNDA:1,(anonymous_0)
DA:4,5
DA:14,5
DA:15,1
DA:30,5
LF:4
LH:4
BRF:0
BRH:0
end_of_record
TN:
SF:src/common/icons/yoda-full-icon.js
FN:14,(anonymous_0)
FNF:1
FNH:1
FNDA:1,(anonymous_0)
DA:4,5
DA:14,5
DA:15,1
DA:30,5
LF:4
LH:4
BRF:0
BRH:0
end_of_record
TN:
SF:src/common/models/get-film-model.js
FN:1,(anonymous_0)
FNF:1
FNH:1
FNDA:1,(anonymous_0)
DA:1,1
DA:3,1
DA:5,0
LF:3
LH:2
BRF:0
BRH:0
end_of_record
TN:
SF:src/common/models/get-item-model.js
FN:11,(anonymous_0)
FNF:1
FNH:1
FNDA:6,(anonymous_0)
DA:11,1
DA:13,6
DA:15,1
DA:16,0
DA:18,1
DA:19,0
DA:21,1
DA:22,0
DA:24,1
DA:25,0
DA:27,1
DA:28,0
DA:30,1
DA:31,0
DA:33,0
DA:35,0
LF:16
LH:8
BRDA:13,0,0,1
BRDA:13,0,1,1
BRDA:13,0,2,1
BRDA:13,0,3,1
BRDA:13,0,4,1
BRDA:13,0,5,1
BRDA:13,0,6,0
BRF:7
BRH:6
end_of_record
TN:
SF:src/common/models/get-people-model.js
FN:1,(anonymous_0)
FNF:1
FNH:1
FNDA:1,(anonymous_0)
DA:1,1
DA:11,1
DA:13,0
LF:3
LH:2
BRF:0
BRH:0
end_of_record
TN:
SF:src/common/models/get-planet-model.js
FN:1,(anonymous_0)
FNF:1
FNH:1
FNDA:1,(anonymous_0)
DA:1,1
DA:12,1
DA:14,0
LF:3
LH:2
BRF:0
BRH:0
end_of_record
TN:
SF:src/common/models/get-specy-model.js
FN:1,(anonymous_0)
FNF:1
FNH:1
FNDA:1,(anonymous_0)
DA:1,1
DA:12,1
DA:14,0
LF:3
LH:2
BRF:0
BRH:0
end_of_record
TN:
SF:src/common/models/get-starship-model.js
FN:1,(anonymous_0)
FNF:1
FNH:1
FNDA:1,(anonymous_0)
DA:1,1
DA:13,1
DA:15,0
LF:3
LH:2
BRF:0
BRH:0
end_of_record
TN:
SF:src/common/models/get-vehicle-model.js
FN:1,(anonymous_0)
FNF:1
FNH:1
FNDA:1,(anonymous_0)
DA:1,1
DA:12,1
DA:14,0
LF:3
LH:2
BRF:0
BRH:0
end_of_record
TN:
SF:src/common/models/index.js
FNF:0
FNH:0
LF:0
LH:0
BRF:0
BRH:0
end_of_record
TN:
SF:src/context/global-context.js
FN:20,(anonymous_0)
FNF:1
FNH:0
FNDA:0,(anonymous_0)
DA:9,1
DA:13,1
DA:18,1
DA:20,1
DA:21,0
DA:22,0
DA:29,1
LF:7
LH:5
BRF:0
BRH:0
end_of_record
TN:
SF:test/enzyme-adapter.js
FN:9,(anonymous_0)
FNF:1
FNH:1
FNDA:12,(anonymous_0)
DA:9,12
DA:10,12
LF:2
LH:2
BRF:0
BRH:0
end_of_record
